<?xml version="1.0" encoding="UTF-8" ?>
<testsuite errors="0" failures="0" hostname="Rodsi7" name="ecalc.operations.DivisionTest" skipped="0" tests="4" time="0.028" timestamp="2017-02-24T04:34:27">
  <properties>
[...]
</properties>
  <testcase classname="ecalc.operations.DivisionTest" name="checkSymbolIsCorrect" time="0.0020" />
  <testcase classname="ecalc.operations.DivisionTest" name="testInteger" time="0.0020" />
  <testcase classname="ecalc.operations.DivisionTest" name="testFloat" time="0.0" />
  <testcase classname="ecalc.operations.DivisionTest" name="testNegative" time="0.0" />
  <system-out><![CDATA[]]></system-out>
  <system-err><![CDATA[]]></system-err>
</testsuite>
